<?xml version="1.0" encoding="UTF-8"?>
<!-- Generated by org.testng.reporters.JUnitReportReporter -->
<testsuite hostname="DESKTOP-FADL0SF" failures="0" tests="1" name="allure_reports.AllureReporting" time="7.623" errors="0" timestamp="2023-02-23T18:19:17 IST" skipped="0">
  <testcase classname="allure_reports.AllureReporting" name="validateTitel" time="7.623"/>
  <system-out/>
</testsuite> <!-- allure_reports.AllureReporting -->
